<?xml version="1.0" encoding="UTF-8"?>
<!-- Generated by org.testng.reporters.JUnitReportReporter -->
<testsuite hostname="QT-INBG-LT0992" failures="0" tests="1" name="com.quality.qualitylandingpath.SignIn" time="7.425" errors="0" timestamp="2022-09-19T14:56:57 IST" skipped="0">
  <testcase classname="com.quality.qualitylandingpath.SignIn" name="launchBrowser" time="7.425"/>
  <system-out/>
</testsuite> <!-- com.quality.qualitylandingpath.SignIn -->
