<?xml version="1.0" encoding="UTF-8"?>
<!-- Generated by org.testng.reporters.JUnitReportReporter -->
<testsuite hostname="QT-INBG-LT0992" failures="0" tests="1" name="com.quality.qualitylandingpath.SignUp" time="5.160" errors="0" timestamp="2022-09-19T09:29:35 IST" skipped="0">
  <testcase classname="com.quality.qualitylandingpath.SignUp" name="launchBrowser" time="5.160"/>
  <system-out/>
</testsuite> <!-- com.quality.qualitylandingpath.SignUp -->
