<?xml version="1.0" encoding="UTF-8"?>
<!-- Generated by org.testng.reporters.JUnitReportReporter -->
<testsuite hostname="QT-INBG-LT0992" failures="0" tests="1" name="com.quality.quality.SignIn" time="5.048" errors="0" timestamp="2022-09-16T17:02:38 IST" skipped="0">
  <testcase classname="com.quality.quality.SignIn" name="launchBrowser" time="5.048"/>
  <system-out/>
</testsuite> <!-- com.quality.quality.SignIn -->
