<?xml version="1.0" encoding="UTF-8"?>
<!-- Generated by org.testng.reporters.JUnitReportReporter -->
<testsuite hostname="QT-INBG-LT0992" failures="0" tests="1" name="com.quality.quality.SignUp" time="4.342" errors="0" timestamp="2022-09-16T17:02:38 IST" skipped="0">
  <testcase classname="com.quality.quality.SignUp" name="launchBrowser" time="4.342"/>
  <system-out/>
</testsuite> <!-- com.quality.quality.SignUp -->
