<?xml version="1.0" encoding="UTF-8"?>
<!-- Generated by org.testng.reporters.JUnitReportReporter -->
<testsuite hostname="QT-INBG-LT0992" failures="0" tests="1" name="com.quality.qualitylandingpath.Signinmethod$SignIn" time="6.538" errors="0" timestamp="2022-09-19T18:05:12 IST" skipped="0">
  <testcase classname="com.quality.qualitylandingpath.Signinmethod$SignIn" name="launchBrowser" time="6.538"/>
  <system-out/>
</testsuite> <!-- com.quality.qualitylandingpath.Signinmethod$SignIn -->
