<?xml version="1.0" encoding="UTF-8"?>
<!-- Generated by org.testng.reporters.JUnitReportReporter -->
<testsuite hostname="QT-INBG-LT0992" failures="0" tests="1" name="com.quality.quality.Signupmethod" time="8.154" errors="0" timestamp="2022-10-17T14:46:23 IST" skipped="0">
  <testcase classname="com.quality.quality.Signupmethod" name="launchBrowser" time="8.154"/>
  <system-out/>
</testsuite> <!-- com.quality.quality.Signupmethod -->
