<?xml version="1.0" encoding="UTF-8"?>
<!-- Generated by org.testng.reporters.JUnitReportReporter -->
<testsuite hostname="QT-INBG-LT0992" failures="0" tests="1" name="com.quality.quality.A" time="5.383" errors="0" timestamp="2022-09-16T15:41:14 IST" skipped="0">
  <testcase classname="com.quality.quality.A" name="launchBrowser" time="5.383"/>
  <system-out/>
</testsuite> <!-- com.quality.quality.A -->
