<?xml version="1.0" encoding="UTF-8"?>
<!-- Generated by org.testng.reporters.JUnitReportReporter -->
<testsuite hostname="QT-INBG-LT0992" failures="0" tests="1" name="com.quality.quality.ContactUs" time="9.484" errors="0" timestamp="2022-09-22T10:23:07 IST" skipped="0">
  <testcase classname="com.quality.quality.ContactUs" name="contact" time="9.484"/>
  <system-out/>
</testsuite> <!-- com.quality.quality.ContactUs -->
